<?xml version="1.0" encoding="UTF-8"?>
<testsuite name="com.fplguide.domain.model.PlayerQueryTest" tests="2" skipped="0" failures="0" errors="0" timestamp="2026-09-08T18:37:47.086Z" hostname="jeasaleph.local" time="0.002">
  <properties/>
  <testcase name="default query has no active filters" classname="com.fplguide.domain.model.PlayerQueryTest" time="0.002"/>
  <testcase name="filter count is capped per filter group" classname="com.fplguide.domain.model.PlayerQueryTest" time="0.0"/>
  <system-out><![CDATA[]]></system-out>
  <system-err><![CDATA[]]></system-err>
</testsuite>
