<?xml version="1.0" encoding="UTF-8"?>
<testsuite name="com.fplguide.data.mapper.BootstrapMapperTest" tests="6" skipped="0" failures="0" errors="0" timestamp="2026-09-08T18:37:49.061Z" hostname="jeasaleph.local" time="0.026">
  <properties/>
  <testcase name="unknown status and element type fall back safely" classname="com.fplguide.data.mapper.BootstrapMapperTest" time="0.024"/>
  <testcase name="blank and garbage numeric strings degrade to zero" classname="com.fplguide.data.mapper.BootstrapMapperTest" time="0.0"/>
  <testcase name="maps core element fields and joins team" classname="com.fplguide.data.mapper.BootstrapMapperTest" time="0.0"/>
  <testcase name="maps gameweeks and flags current and next" classname="com.fplguide.data.mapper.BootstrapMapperTest" time="0.0"/>
  <testcase name="parses numeric strings from the API" classname="com.fplguide.data.mapper.BootstrapMapperTest" time="0.001"/>
  <testcase name="element with unknown team id keeps a placeholder team" classname="com.fplguide.data.mapper.BootstrapMapperTest" time="0.0"/>
  <system-out><![CDATA[]]></system-out>
  <system-err><![CDATA[]]></system-err>
</testsuite>
